= To Date % Time in Phase query

title=Time in Phase To Date
where=PSP To Date Data
order=PSP To Date Data
skipRowHdr=true

d1==Planning/% Time To Date
h1==Planning
f1==100%

d2==HLD/% Time To Date
h2==HLD
f2==100%

d3==HLD Review/% Time To Date
h3==HLD Review
f3==100%

d4==Design/% Time To Date
h4==Design
f4==100%

d5==Design Review/% Time To Date
h5==Design Review
f5==100%

d6==Code/% Time To Date
h6==Code
f6==100%

d7==Code Review/% Time To Date
h7==Code Review
f7==100%

d8==Compile/% Time To Date
h8==Compile
f8==100%

d9==Test/% Time To Date
h9==Test
f9==100%

d10==Postmortem/% Time To Date
h10==Postmortem
f10==100%
