= To Date Defect Injection % by Phase query

title=Defects Injected by Phase To Date
where=PSP To Date Data
skipRowHdr=true

d1==Planning/Defects Injected To Date
h1==Planning

d2==HLD/Defects Injected To Date
h2==HLD

d3==HLD Review/Defects Injected To Date
h3==HLD Review

d4==Design/Defects Injected To Date
h4==Design

d5==Design Review/Defects Injected To Date
h5==Design Review

d6==Code/Defects Injected To Date
h6==Code

d7==Code Review/Defects Injected To Date
h7==Code Review

d8==Compile/Defects Injected To Date
h8==Compile

d9==Test/Defects Injected To Date
h9==Test
