= To Date Defect Removal % by Phase query

title=Defects Removed by Phase To Date
where=PSP To Date Data
skipRowHdr=true

d1==Planning/Defects Removed To Date
h1==Planning

d2==Design/Defects Removed To Date
h2==Design

d3==Design Review/Defects Removed To Date
h3==Design Review

d4==Code/Defects Removed To Date
h4==Code

d5==Code Review/Defects Removed To Date
h5==Code Review

d6==Compile/Defects Removed To Date
h6==Compile

d7==Test/Defects Removed To Date
h7==Test

d8==Postmortem/Defects Removed To Date
h8==Postmortem
